<?xml version="1.0" encoding="UTF-8"?>
<!-- Generated by org.testng.reporters.JUnitXMLReporter -->
<testsuite ignored="0" hostname="lenovo-Lenovo-V15-G2-ITL-Ua" failures="0" tests="8" name="Platform Test(failed)" time="244.104" errors="0" timestamp="17 May 2022 11:53:45 GMT">
  <testcase classname="com.messaging_platform.testCases.TC_MasterTestCase" name="CreateCampaign" time="23.832"/>
  <testcase classname="com.messaging_platform.testCases.TC_MasterTestCase" name="UpdateCampaign" time="17.268"/>
  <testcase classname="com.messaging_platform.testCases.TC_MasterTestCase" name="Compliance" time="10.319"/>
  <testcase classname="com.messaging_platform.testCases.TC_MasterTestCase" name="OptinList" time="26.516"/>
  <testcase classname="com.messaging_platform.testCases.TC_MasterTestCase" name="MessageSchedule" time="38.027"/>
  <testcase classname="com.messaging_platform.testCases.TC_MasterTestCase" name="AutoResponse" time="38.478"/>
  <testcase classname="com.messaging_platform.testCases.TC_MasterTestCase" name="Keywords" time="22.829"/>
  <testcase classname="com.messaging_platform.testCases.TC_MasterTestCase" name="SMSInbox" time="6.788"/>
</testsuite> <!-- Platform Test(failed) -->
