<?xml version="1.0" encoding="UTF-8"?>
<!-- Generated by org.testng.reporters.JUnitXMLReporter -->
<testsuite ignored="0" hostname="lenovo-Lenovo-V15-G2-ITL-Ua" failures="0" tests="1" name="Platform Test" time="0.106" errors="0" timestamp="11 Apr 2022 13:36:03 GMT">
  <testcase classname="com.messaging_platform.testCases.BaseClass" name="@BeforeClass setup" time="0.089">
    <failure type="java.lang.IllegalStateException" message="The driver is not executable: /home/mangeshmunge/eclipse-workspace/Messaging_Platform/./Drivers/geckodriver">
      <![CDATA[java.lang.IllegalStateException: The driver is not executable: /home/mangeshmunge/eclipse-workspace/Messaging_Platform/./Drivers/geckodriver
at com.google.common.base.Preconditions.checkState(Preconditions.java:585)
at org.openqa.selenium.remote.service.DriverService.checkExecutable(DriverService.java:150)
at org.openqa.selenium.remote.service.DriverService.findExecutable(DriverService.java:141)
at org.openqa.selenium.firefox.GeckoDriverService.access$100(GeckoDriverService.java:44)
at org.openqa.selenium.firefox.GeckoDriverService$Builder.findDefaultExecutable(GeckoDriverService.java:167)
at org.openqa.selenium.remote.service.DriverService$Builder.build(DriverService.java:355)
at org.openqa.selenium.firefox.FirefoxDriver.toExecutor(FirefoxDriver.java:190)
at org.openqa.selenium.firefox.FirefoxDriver.<init>(FirefoxDriver.java:147)
at org.openqa.selenium.firefox.FirefoxDriver.<init>(FirefoxDriver.java:133)
at com.messaging_platform.testCases.BaseClass.setup(BaseClass.java:38)
... Removed 26 stack frames]]>
    </failure>
  </testcase> <!-- @BeforeClass setup -->
  <testcase classname="com.messaging_platform.testCases.TC_LoginPage_001" name="loginTest" time="0.0">
    <skipped/>
  </testcase> <!-- loginTest -->
</testsuite> <!-- Platform Test -->
